2025-08-10 22:31:42.275: [INFO][Sync] Reset engine, reason: 8
2025-08-10 22:31:42.275: [INFO][Sync] Stopped: Bookmarks
2025-08-10 22:31:42.275: [INFO][Sync] Stopped: Preferences
2025-08-10 22:31:42.275: [INFO][Sync] Stopped: Passwords
2025-08-10 22:31:42.275: [INFO][Sync] Stopped: Autofill Profiles
2025-08-10 22:31:42.275: [INFO][Sync] Stopped: Autofill
2025-08-10 22:31:42.275: [INFO][Sync] Stopped: Extensions
2025-08-10 22:31:42.275: [INFO][Sync] Stopped: Sessions
2025-08-10 22:31:42.275: [INFO][Sync] Stopped: Extension settings
2025-08-10 22:31:42.275: [INFO][Sync] Stopped: History Delete Directives
2025-08-10 22:31:42.275: [INFO][Sync] Stopped: Device Info
2025-08-10 22:31:42.275: [INFO][Sync] Stopped: User Consents
2025-08-10 22:31:42.276: [INFO][Sync] Stopped: Send Tab To Self
2025-08-10 22:31:42.276: [INFO][Sync] Stopped: Web Apps
2025-08-10 22:31:42.276: [INFO][Sync] Stopped: History
2025-08-10 22:31:42.276: [INFO][Sync] Stopped: Saved Tab Group
2025-08-10 22:31:42.276: [INFO][Sync] Stopped: WebAuthn Credentials
2025-08-10 22:31:42.276: [INFO][Sync] Stopped: Collection
2025-08-10 22:31:42.276: [INFO][Sync] Stopped: Edge E Drop
2025-08-10 22:31:42.276: [INFO][Sync] Stopped: Edge Hub App Usage
2025-08-10 22:31:42.276: [INFO][Sync] Stopped: Edge Wallet
2025-08-10 22:31:42.276: [INFO][Sync] SyncState after authenticated was: NotSignedIn
2025-08-10 22:31:42.761: [INFO][Sync] Reset engine, reason: 8
2025-08-10 22:31:42.761: [INFO][Sync] Stopped: Bookmarks
2025-08-10 22:31:42.761: [INFO][Sync] Stopped: Preferences
2025-08-10 22:31:42.761: [INFO][Sync] Stopped: Passwords
2025-08-10 22:31:42.761: [INFO][Sync] Stopped: Autofill Profiles
2025-08-10 22:31:42.761: [INFO][Sync] Stopped: Autofill
2025-08-10 22:31:42.761: [INFO][Sync] Stopped: Extensions
2025-08-10 22:31:42.761: [INFO][Sync] Stopped: Sessions
2025-08-10 22:31:42.761: [INFO][Sync] Stopped: Extension settings
2025-08-10 22:31:42.761: [INFO][Sync] Stopped: History Delete Directives
2025-08-10 22:31:42.761: [INFO][Sync] Stopped: Device Info
2025-08-10 22:31:42.761: [INFO][Sync] Stopped: User Consents
2025-08-10 22:31:42.761: [INFO][Sync] Stopped: Send Tab To Self
2025-08-10 22:31:42.761: [INFO][Sync] Stopped: Web Apps
2025-08-10 22:31:42.761: [INFO][Sync] Stopped: History
2025-08-10 22:31:42.761: [INFO][Sync] Stopped: Saved Tab Group
2025-08-10 22:31:42.761: [INFO][Sync] Stopped: WebAuthn Credentials
2025-08-10 22:31:42.761: [INFO][Sync] Stopped: Collection
2025-08-10 22:31:42.761: [INFO][Sync] Stopped: Edge E Drop
2025-08-10 22:31:42.761: [INFO][Sync] Stopped: Edge Hub App Usage
2025-08-10 22:31:42.761: [INFO][Sync] Stopped: Edge Wallet
2025-08-10 22:32:50.790: [INFO][Sync] Reset engine, reason: 0
