2025-08-10 22:31:42.614: [INFO] VisibilityChanged: 0
2025-08-10 22:31:42.665: [INFO] RecordSyncInitDuration has_sync_been_enabled: 0 state: 0
2025-08-10 22:31:42.667: [INFO] RecordSyncInitDuration has_sync_been_enabled: 0 state: 0
2025-08-10 22:31:42.668: [INFO] RecordSyncInitDuration has_sync_been_enabled: 0 state: 0
2025-08-10 22:31:42.670: [INFO] RecordSyncInitDuration has_sync_been_enabled: 0 state: 0
2025-08-10 22:31:42.672: [INFO] RecordSyncInitDuration has_sync_been_enabled: 0 state: 0
2025-08-10 22:31:42.673: [INFO] RecordSyncInitDuration has_sync_been_enabled: 0 state: 0
2025-08-10 22:31:42.675: [INFO] RecordSyncInitDuration has_sync_been_enabled: 0 state: 0
2025-08-10 22:31:42.676: [INFO] RecordSyncInitDuration has_sync_been_enabled: 0 state: 0
2025-08-10 22:31:42.678: [INFO] RecordSyncInitDuration has_sync_been_enabled: 0 state: 0
2025-08-10 22:31:42.679: [INFO] RecordSyncInitDuration has_sync_been_enabled: 0 state: 0
2025-08-10 22:31:42.680: [INFO] RecordSyncInitDuration has_sync_been_enabled: 0 state: 0
2025-08-10 22:31:42.694: [INFO] BookmarkModelLoaded, ids_reassigned: 0
2025-08-10 22:31:42.694: [INFO] OnDoneLoading sync enabled: 0
2025-08-10 22:31:42.764: [INFO] RecordSyncInitDuration has_sync_been_enabled: 0 state: 0
2025-08-10 22:31:55.717: [INFO] RecordSyncInitDuration has_sync_been_enabled: 0 state: 0
2025-08-10 22:31:55.728: [INFO] Primary account changed.
2025-08-10 22:31:55.728: [INFO] OnPrimaryAccountChanged PrimaryAccountChangeEvent::Type::kSet
2025-08-10 22:31:55.734: [INFO] RecordSyncInitDuration has_sync_been_enabled: 0 state: 0
2025-08-10 22:31:55.736: [INFO] RecordSyncInitDuration has_sync_been_enabled: 0 state: 0
